<?xml version="1.0" encoding="UTF-8"?>
<testsuite xmlns:xsi="http://www.w3.org/2001/XMLSchema-instance" xsi:noNamespaceSchemaLocation="https://maven.apache.org/surefire/maven-surefire-plugin/xsd/surefire-test-report-3.0.xsd" version="3.0" name="com.telegram.telegrambot.TelegrambotApplicationTests" time="2.413" tests="1" errors="0" skipped="0" failures="0">
  <properties>
[...]
</properties>
  <testcase name="contextLoads" classname="com.telegram.telegrambot.TelegrambotApplicationTests" time="0.993">
    <system-out><![CDATA[03:04:16.885 [main] INFO org.springframework.test.context.support.AnnotationConfigContextLoaderUtils -- Could not detect default configuration classes for test class [com.telegram.telegrambot.TelegrambotApplicationTests]: TelegrambotApplicationTests does not declare any static, non-private, non-final, nested classes annotated with @Configuration.
03:04:17.004 [main] INFO org.springframework.boot.test.context.SpringBootTestContextBootstrapper -- Found @SpringBootConfiguration com.telegram.telegrambot.TelegrambotApplication for test class com.telegram.telegrambot.TelegrambotApplicationTests

  .   ____          _            __ _ _
 /\\ / ___'_ __ _ _(_)_ __  __ _ \ \ \ \
( ( )\___ | '_ | '_| | '_ \/ _` | \ \ \ \
 \\/  ___)| |_)| | | | | || (_| |  ) ) ) )
  '  |____| .__|_| |_|_| |_\__, | / / / /
 =========|_|==============|___/=/_/_/_/
&amp#27;[32m :: Spring Boot :: &amp#27;[39m              &amp#27;[2m (v3.2.4)&amp#27;[0;39m

&amp#27;[2m2024-04-19T03:04:17.492+09:00&amp#27;[0;39m &amp#27;[32m INFO&amp#27;[0;39m &amp#27;[35m37948&amp#27;[0;39m &amp#27;[2m---&amp#27;[0;39m &amp#27;[2m[telegrambot] [           main]&amp#27;[0;39m &amp#27;[2m&amp#27;[0;39m&amp#27;[36mc.t.t.TelegrambotApplicationTests       &amp#27;[0;39m &amp#27;[2m:&amp#27;[0;39m Starting TelegrambotApplicationTests using Java 22.0.1 with PID 37948 (started by oleg.nee in /Users/oleg.nee/IdeaProjects/telegrambot)
&amp#27;[2m2024-04-19T03:04:17.493+09:00&amp#27;[0;39m &amp#27;[32m INFO&amp#27;[0;39m &amp#27;[35m37948&amp#27;[0;39m &amp#27;[2m---&amp#27;[0;39m &amp#27;[2m[telegrambot] [           main]&amp#27;[0;39m &amp#27;[2m&amp#27;[0;39m&amp#27;[36mc.t.t.TelegrambotApplicationTests       &amp#27;[0;39m &amp#27;[2m:&amp#27;[0;39m No active profile set, falling back to 1 default profile: "default"
&amp#27;[2m2024-04-19T03:04:18.055+09:00&amp#27;[0;39m &amp#27;[32m INFO&amp#27;[0;39m &amp#27;[35m37948&amp#27;[0;39m &amp#27;[2m---&amp#27;[0;39m &amp#27;[2m[telegrambot] [           main]&amp#27;[0;39m &amp#27;[2m&amp#27;[0;39m&amp#27;[36mc.t.t.TelegrambotApplicationTests       &amp#27;[0;39m &amp#27;[2m:&amp#27;[0;39m Started TelegrambotApplicationTests in 0.906 seconds (process running for 1.991)
]]></system-out>
    <system-err><![CDATA[WARNING: A Java agent has been loaded dynamically (/Users/oleg.nee/.m2/repository/net/bytebuddy/byte-buddy-agent/1.14.12/byte-buddy-agent-1.14.12.jar)
WARNING: If a serviceability tool is in use, please run with -XX:+EnableDynamicAgentLoading to hide this warning
WARNING: If a serviceability tool is not in use, please run with -Djdk.instrument.traceUsage for more information
WARNING: Dynamic loading of agents will be disallowed by default in a future release
]]></system-err>
  </testcase>
</testsuite>